# JRE version: Java(TM) SE Runtime Environment (23.0.2+7) (build 23.0.2+7-58)
# Java VM: Java HotSpot(TM) 64-Bit Server VM (23.0.2+7-58, mixed mode, sharing, tiered, compressed oops, compressed class ptrs, g1 gc, windows-amd64)
GC Precious Log:
 CardTable entry size: 512
 Card Set container configuration: InlinePtr #cards 4 size 8 Array Of Cards #cards 16 size 48 Howl #buckets 8 coarsen threshold 3686 Howl Bitmap #cards 512 size 80 coarsen threshold 460 Card regions per heap region 1 cards per card region 4096
 CPUs: 20 total, 20 available
 Memory: 16003M
 Large Page Support: Disabled
 NUMA Support: Disabled
 Compressed Oops: Enabled (Zero based)
 Heap Region Size: 2M
 Heap Min Capacity: 8M
 Heap Initial Capacity: 252M
 Heap Max Capacity: 4002M
 Pre-touch: Disabled
 Parallel Workers: 15
 Concurrent Workers: 4
 Concurrent Refinement Workers: 15
 Periodic GC: Disabled
Heap:
 garbage-first heap   total reserved 4098048K, committed 258048K, used 198461K [0x0000000705e00000, 0x0000000800000000)
  region size 2048K, 61 young (124928K), 8 survivors (16384K)
 Metaspace       used 10907K, committed 11264K, reserved 1114112K
  class space    used 936K, committed 1088K, reserved 1048576K
GC Heap History (20 events):
Event: 22.450 GC heap before
{Heap before GC invocations=5 (full 0):
 garbage-first heap   total reserved 4098048K, committed 258048K, used 132733K [0x0000000705e00000, 0x0000000800000000)
  region size 2048K, 62 young (126976K), 6 survivors (12288K)
 Metaspace       used 10400K, committed 10688K, reserved 1114112K
  class space    used 887K, committed 1024K, reserved 1048576K
}
Event: 22.460 GC heap after
{Heap after GC invocations=6 (full 0):
 garbage-first heap   total reserved 4098048K, committed 258048K, used 24398K [0x0000000705e00000, 0x0000000800000000)
  region size 2048K, 7 young (14336K), 7 survivors (14336K)
 Metaspace       used 10400K, committed 10688K, reserved 1114112K
  class space    used 887K, committed 1024K, reserved 1048576K
}
Event: 30.953 GC heap before
{Heap before GC invocations=6 (full 0):
 garbage-first heap   total reserved 4098048K, committed 258048K, used 159566K [0x0000000705e00000, 0x0000000800000000)
  region size 2048K, 73 young (149504K), 7 survivors (14336K)
 Metaspace       used 10687K, committed 11008K, reserved 1114112K
  class space    used 921K, committed 1088K, reserved 1048576K
}
Event: 30.963 GC heap after
{Heap after GC invocations=7 (full 0):
 garbage-first heap   total reserved 4098048K, committed 258048K, used 31842K [0x0000000705e00000, 0x0000000800000000)
  region size 2048K, 9 young (18432K), 9 survivors (18432K)
 Metaspace       used 10687K, committed 11008K, reserved 1114112K
  class space    used 921K, committed 1088K, reserved 1048576K
}
Event: 39.296 GC heap before
{Heap before GC invocations=7 (full 0):
 garbage-first heap   total reserved 4098048K, committed 258048K, used 167010K [0x0000000705e00000, 0x0000000800000000)
  region size 2048K, 75 young (153600K), 9 survivors (18432K)
 Metaspace       used 10688K, committed 11008K, reserved 1114112K
  class space    used 921K, committed 1088K, reserved 1048576K
}
Event: 39.307 GC heap after
{Heap after GC invocations=8 (full 0):
 garbage-first heap   total reserved 4098048K, committed 258048K, used 39206K [0x0000000705e00000, 0x0000000800000000)
  region size 2048K, 8 young (16384K), 8 survivors (16384K)
 Metaspace       used 10688K, committed 11008K, reserved 1114112K
  class space    used 921K, committed 1088K, reserved 1048576K
}
Event: 48.031 GC heap before
{Heap before GC invocations=8 (full 0):
 garbage-first heap   total reserved 4098048K, committed 258048K, used 176422K [0x0000000705e00000, 0x0000000800000000)
  region size 2048K, 75 young (153600K), 8 survivors (16384K)
 Metaspace       used 10697K, committed 11008K, reserved 1114112K
  class space    used 921K, committed 1088K, reserved 1048576K
}
Event: 48.040 GC heap after
{Heap after GC invocations=9 (full 0):
 garbage-first heap   total reserved 4098048K, committed 258048K, used 46048K [0x0000000705e00000, 0x0000000800000000)
  region size 2048K, 8 young (16384K), 8 survivors (16384K)
 Metaspace       used 10697K, committed 11008K, reserved 1114112K
  class space    used 921K, committed 1088K, reserved 1048576K
}
Event: 56.535 GC heap before
{Heap before GC invocations=9 (full 0):
 garbage-first heap   total reserved 4098048K, committed 258048K, used 183264K [0x0000000705e00000, 0x0000000800000000)
  region size 2048K, 75 young (153600K), 8 survivors (16384K)
 Metaspace       used 10698K, committed 11008K, reserved 1114112K
  class space    used 921K, committed 1088K, reserved 1048576K
}
Event: 56.545 GC heap after
{Heap after GC invocations=10 (full 0):
 garbage-first heap   total reserved 4098048K, committed 258048K, used 53524K [0x0000000705e00000, 0x0000000800000000)
  region size 2048K, 8 young (16384K), 8 survivors (16384K)
 Metaspace       used 10698K, committed 11008K, reserved 1114112K
  class space    used 921K, committed 1088K, reserved 1048576K
}
Event: 65.490 GC heap before
{Heap before GC invocations=10 (full 0):
 garbage-first heap   total reserved 4098048K, committed 258048K, used 190740K [0x0000000705e00000, 0x0000000800000000)
  region size 2048K, 75 young (153600K), 8 survivors (16384K)
 Metaspace       used 10727K, committed 11008K, reserved 1114112K
  class space    used 921K, committed 1088K, reserved 1048576K
}
Event: 65.506 GC heap after
{Heap after GC invocations=11 (full 0):
 garbage-first heap   total reserved 4098048K, committed 258048K, used 60934K [0x0000000705e00000, 0x0000000800000000)
  region size 2048K, 8 young (16384K), 8 survivors (16384K)
 Metaspace       used 10727K, committed 11008K, reserved 1114112K
  class space    used 921K, committed 1088K, reserved 1048576K
}
Event: 74.301 GC heap before
{Heap before GC invocations=11 (full 0):
 garbage-first heap   total reserved 4098048K, committed 258048K, used 198150K [0x0000000705e00000, 0x0000000800000000)
  region size 2048K, 75 young (153600K), 8 survivors (16384K)
 Metaspace       used 10791K, committed 11072K, reserved 1114112K
  class space    used 924K, committed 1088K, reserved 1048576K
}
Event: 74.314 GC heap after
{Heap after GC invocations=12 (full 0):
 garbage-first heap   total reserved 4098048K, committed 258048K, used 67584K [0x0000000705e00000, 0x0000000800000000)
  region size 2048K, 7 young (14336K), 7 survivors (14336K)
 Metaspace       used 10791K, committed 11072K, reserved 1114112K
  class space    used 924K, committed 1088K, reserved 1048576K
}
Event: 83.680 GC heap before
{Heap before GC invocations=12 (full 0):
 garbage-first heap   total reserved 4098048K, committed 258048K, used 206848K [0x0000000705e00000, 0x0000000800000000)
  region size 2048K, 75 young (153600K), 7 survivors (14336K)
 Metaspace       used 10880K, committed 11200K, reserved 1114112K
  class space    used 935K, committed 1088K, reserved 1048576K
}
Event: 83.689 GC heap after
{Heap after GC invocations=13 (full 0):
 garbage-first heap   total reserved 4098048K, committed 258048K, used 75267K [0x0000000705e00000, 0x0000000800000000)
  region size 2048K, 8 young (16384K), 8 survivors (16384K)
 Metaspace       used 10880K, committed 11200K, reserved 1114112K
  class space    used 935K, committed 1088K, reserved 1048576K
}
Event: 92.609 GC heap before
{Heap before GC invocations=13 (full 0):
 garbage-first heap   total reserved 4098048K, committed 258048K, used 212483K [0x0000000705e00000, 0x0000000800000000)
  region size 2048K, 75 young (153600K), 8 survivors (16384K)
 Metaspace       used 10883K, committed 11200K, reserved 1114112K
  class space    used 935K, committed 1088K, reserved 1048576K
}
Event: 92.622 GC heap after
{Heap after GC invocations=14 (full 0):
 garbage-first heap   total reserved 4098048K, committed 258048K, used 83968K [0x0000000705e00000, 0x0000000800000000)
  region size 2048K, 8 young (16384K), 8 survivors (16384K)
 Metaspace       used 10883K, committed 11200K, reserved 1114112K
  class space    used 935K, committed 1088K, reserved 1048576K
}
Event: 101.556 GC heap before
{Heap before GC invocations=14 (full 0):
 garbage-first heap   total reserved 4098048K, committed 258048K, used 221184K [0x0000000705e00000, 0x0000000800000000)
  region size 2048K, 75 young (153600K), 8 survivors (16384K)
 Metaspace       used 10897K, committed 11200K, reserved 1114112K
  class space    used 935K, committed 1088K, reserved 1048576K
}
Event: 101.568 GC heap after
{Heap after GC invocations=15 (full 0):
 garbage-first heap   total reserved 4098048K, committed 258048K, used 91965K [0x0000000705e00000, 0x0000000800000000)
  region size 2048K, 8 young (16384K), 8 survivors (16384K)
 Metaspace       used 10897K, committed 11200K, reserved 1114112K
  class space    used 935K, committed 1088K, reserved 1048576K
}

